<?xml version="1.0" encoding="UTF-8"?>
<testng-results ignored="0" total="1" passed="1" failed="0" skipped="0">
  <reporter-output>
  </reporter-output>
  <suite started-at="2020-08-20T15:58:00 IST" name="Default suite" finished-at="2020-08-20T15:58:33 IST" duration-ms="33585">
    <groups>
    </groups>
    <test started-at="2020-08-20T15:58:00 IST" name="Default test" finished-at="2020-08-20T15:58:33 IST" duration-ms="33585">
      <class name="com.vtiger.testdata.CreateVendorNegative">
        <test-method is-config="true" signature="openBrowser()[pri:0, instance:com.vtiger.testdata.CreateVendorNegative@d706f19]" started-at="2020-08-20T15:58:00 IST" name="openBrowser" finished-at="2020-08-20T15:58:10 IST" duration-ms="10431" status="PASS">
          <reporter-output>
          </reporter-output>
        </test-method> <!-- openBrowser -->
        <test-method is-config="true" signature="login()[pri:0, instance:com.vtiger.testdata.CreateVendorNegative@d706f19]" started-at="2020-08-20T15:58:10 IST" name="login" finished-at="2020-08-20T15:58:14 IST" duration-ms="4071" status="PASS">
          <reporter-output>
          </reporter-output>
        </test-method> <!-- login -->
        <test-method signature="testCreateVendorNegative()[pri:0, instance:com.vtiger.testdata.CreateVendorNegative@d706f19]" started-at="2020-08-20T15:58:14 IST" name="testCreateVendorNegative" finished-at="2020-08-20T15:58:28 IST" duration-ms="13732" status="PASS">
          <reporter-output>
          </reporter-output>
        </test-method> <!-- testCreateVendorNegative -->
        <test-method is-config="true" signature="logout()[pri:0, instance:com.vtiger.testdata.CreateVendorNegative@d706f19]" started-at="2020-08-20T15:58:28 IST" name="logout" finished-at="2020-08-20T15:58:33 IST" duration-ms="5254" status="PASS">
          <reporter-output>
          </reporter-output>
        </test-method> <!-- logout -->
        <test-method is-config="true" signature="closeBrowser()[pri:0, instance:com.vtiger.testdata.CreateVendorNegative@d706f19]" started-at="2020-08-20T15:58:33 IST" name="closeBrowser" finished-at="2020-08-20T15:58:33 IST" duration-ms="4" status="PASS">
          <reporter-output>
          </reporter-output>
        </test-method> <!-- closeBrowser -->
      </class> <!-- com.vtiger.testdata.CreateVendorNegative -->
    </test> <!-- Default test -->
  </suite> <!-- Default suite -->
</testng-results>
