<?xml version="1.0" encoding="UTF-8"?>
<testng-results skipped="0" failed="0" total="1" passed="1">
  <reporter-output>
    <line>
      <![CDATA[Duplicate Purchase Order is Created.]]>
    </line>
  </reporter-output>
  <suite name="Default suite" duration-ms="41780" started-at="2020-08-26T11:18:08Z" finished-at="2020-08-26T11:18:50Z">
    <groups>
    </groups>
    <test name="Default test" duration-ms="41780" started-at="2020-08-26T11:18:08Z" finished-at="2020-08-26T11:18:50Z">
      <class name="com.Tiger2.CreateDuplicatePurchaseOrder1">
        <test-method status="PASS" signature="openBrowser()[pri:0, instance:com.Tiger2.CreateDuplicatePurchaseOrder1@c3fd8b]" name="openBrowser" is-config="true" duration-ms="7129" started-at="2020-08-26T16:48:08Z" finished-at="2020-08-26T16:48:15Z">
          <reporter-output>
          </reporter-output>
        </test-method> <!-- openBrowser -->
        <test-method status="PASS" signature="login()[pri:0, instance:com.Tiger2.CreateDuplicatePurchaseOrder1@c3fd8b]" name="login" is-config="true" duration-ms="7846" started-at="2020-08-26T16:48:16Z" finished-at="2020-08-26T16:48:23Z">
          <reporter-output>
          </reporter-output>
        </test-method> <!-- login -->
        <test-method status="PASS" signature="toCreateDuplicate1()[pri:0, instance:com.Tiger2.CreateDuplicatePurchaseOrder1@c3fd8b]" name="toCreateDuplicate1" duration-ms="23657" started-at="2020-08-26T16:48:23Z" finished-at="2020-08-26T16:48:47Z">
          <reporter-output>
            <line>
              <![CDATA[Duplicate Purchase Order is Created.]]>
            </line>
          </reporter-output>
        </test-method> <!-- toCreateDuplicate1 -->
        <test-method status="PASS" signature="logout()[pri:0, instance:com.Tiger2.CreateDuplicatePurchaseOrder1@c3fd8b]" name="logout" is-config="true" duration-ms="2354" started-at="2020-08-26T16:48:47Z" finished-at="2020-08-26T16:48:49Z">
          <reporter-output>
          </reporter-output>
        </test-method> <!-- logout -->
        <test-method status="PASS" signature="closeBrowser()[pri:0, instance:com.Tiger2.CreateDuplicatePurchaseOrder1@c3fd8b]" name="closeBrowser" is-config="true" duration-ms="770" started-at="2020-08-26T16:48:49Z" finished-at="2020-08-26T16:48:50Z">
          <reporter-output>
          </reporter-output>
        </test-method> <!-- closeBrowser -->
      </class> <!-- com.Tiger2.CreateDuplicatePurchaseOrder1 -->
    </test> <!-- Default test -->
  </suite> <!-- Default suite -->
</testng-results>
